<?xml version="1.0" encoding="UTF-8"?>
<!-- Generated by org.testng.reporters.JUnitReportReporter -->
<testsuite skipped="0" hostname="Admin-PC" name="tentng.com.ScreenShot" tests="1" failures="0" timestamp="03 Jan 2019 04:55:28 GMT" time="0.017" errors="0">
  <testcase name="CaptureScreenShot" time="0.017" classname="tentng.com.ScreenShot"/>
</testsuite> <!-- tentng.com.ScreenShot -->
