<?xml version="1.0" encoding="UTF-8"?>
<!-- Generated by org.testng.reporters.JUnitReportReporter -->
<testsuite skipped="0" hostname="Admin-PC" name="autoIt.Bh" tests="1" failures="0" timestamp="08 Mar 2019 13:40:33 GMT" time="3.261" errors="0">
  <testcase name="Mouna" time="3.261" classname="autoIt.Bh"/>
</testsuite> <!-- autoIt.Bh -->
