<?xml version="1.0" encoding="UTF-8"?>
<!-- Generated by org.testng.reporters.JUnitReportReporter -->
<testsuite skipped="0" hostname="Admin-PC" name="javascript.MMB2" tests="1" failures="0" timestamp="08 Mar 2019 13:57:34 GMT" time="17.817" errors="0">
  <testcase name="myclass" time="17.817" classname="javascript.MMB2"/>
</testsuite> <!-- javascript.MMB2 -->
