<?xml version="1.0" encoding="UTF-8"?>
<!-- Generated by org.testng.reporters.JUnitReportReporter -->
<testsuite skipped="0" hostname="Admin-PC" name="Calci" tests="1" failures="0" timestamp="08 Mar 2019 12:14:01 GMT" time="22.612" errors="0">
  <testcase name="Sample" time="22.612" classname="Calci"/>
</testsuite> <!-- Calci -->
